[2022-07-28T00:20:23.607Z] Log level: Info
[2022-07-28T00:20:23.616Z] [info] Validating found git in: git
[2022-07-28T00:20:23.641Z] [info] Using git 2.37.1 from git
[2022-07-28T00:20:23.689Z] > git rev-parse --show-toplevel [23ms]
[2022-07-28T00:20:23.709Z] > git rev-parse --git-dir --git-common-dir [8ms]
[2022-07-28T00:20:23.724Z] [info] Open repository: /home/carlos/anki
[2022-07-28T00:20:23.866Z] > git status -z -uall [134ms]
[2022-07-28T00:20:23.872Z] > git symbolic-ref --short HEAD [2ms]
[2022-07-28T00:20:23.879Z] > git for-each-ref --format=%(refname)%00%(upstream:short)%00%(objectname)%00%(upstream:track)%00%(upstream:remotename)%00%(upstream:remoteref) refs/heads/main refs/remotes/main [3ms]
[2022-07-28T00:20:23.896Z] > git remote --verbose [3ms]
[2022-07-28T00:20:23.896Z] > git for-each-ref --sort -committerdate --format %(refname) %(objectname) %(*objectname) [10ms]
[2022-07-28T00:20:23.910Z] > git config --get commit.template [2ms]
[2022-07-28T00:20:24.039Z] > git status -z -uall [120ms]
[2022-07-28T00:20:24.050Z] > git symbolic-ref --short HEAD [2ms]
[2022-07-28T00:20:24.057Z] > git for-each-ref --format=%(refname)%00%(upstream:short)%00%(objectname)%00%(upstream:track)%00%(upstream:remotename)%00%(upstream:remoteref) refs/heads/main refs/remotes/main [2ms]
[2022-07-28T00:20:24.070Z] > git for-each-ref --sort -committerdate --format %(refname) %(objectname) %(*objectname) [8ms]
[2022-07-28T00:20:24.071Z] > git remote --verbose [2ms]
[2022-07-28T00:20:24.082Z] > git config --get commit.template [2ms]
[2022-07-28T00:20:24.544Z] > git check-ignore -v -z --stdin [6ms]
[2022-07-28T00:20:30.189Z] > git check-ignore -v -z --stdin [3ms]
[2022-07-28T00:20:31.252Z] > git check-ignore -v -z --stdin [2ms]
[2022-07-28T00:20:40.817Z] > git check-ignore -v -z --stdin [3ms]
[2022-07-28T00:20:44.545Z] > git check-ignore -v -z --stdin [3ms]
[2022-07-28T00:20:47.154Z] > git check-ignore -v -z --stdin [3ms]
[2022-07-28T00:20:48.115Z] > git check-ignore -v -z --stdin [2ms]
[2022-07-28T00:20:50.237Z] > git check-ignore -v -z --stdin [3ms]
[2022-07-28T00:20:51.334Z] > git show --textconv :qt/aqt/stats.py [12ms]
[2022-07-28T00:20:51.338Z] > git ls-files --stage -- /home/carlos/anki/qt/aqt/stats.py [5ms]
[2022-07-28T00:20:51.350Z] > git cat-file -s 6af03e118bc62d4a1a8ddf515179906e252aab77 [3ms]
[2022-07-28T00:26:41.360Z] > git show --textconv :pylib/anki/stats.py [16ms]
[2022-07-28T00:26:41.363Z] > git ls-files --stage -- /home/carlos/anki/pylib/anki/stats.py [5ms]
[2022-07-28T00:26:41.377Z] > git cat-file -s a9b1c7a56cfa1213b66ab6e457e278f20eb69aff [5ms]
[2022-07-28T00:26:41.563Z] > git check-ignore -v -z --stdin [8ms]
[2022-07-29T22:00:11.867Z] > git ls-files --stage -- /home/carlos/anki/pylib/tests/test_stats.py [9ms]
[2022-07-29T22:00:11.882Z] > git show --textconv :pylib/tests/test_stats.py [34ms]
[2022-07-29T22:00:11.885Z] > git cat-file -s 1fd9b27de9cc81b3ef7d97095845526facfe8805 [4ms]
[2022-07-29T22:00:12.065Z] > git check-ignore -v -z --stdin [1ms]
[2022-07-29T22:03:26.961Z] > git ls-files --stage -- /home/carlos/anki/pylib/anki/stats.py [2ms]
[2022-07-29T22:03:26.969Z] > git show --textconv :pylib/anki/stats.py [18ms]
[2022-07-29T22:03:26.970Z] > git cat-file -s a9b1c7a56cfa1213b66ab6e457e278f20eb69aff [2ms]
[2022-08-02T17:55:44.678Z] > git check-ignore -v -z --stdin [5ms]
[2022-08-02T17:55:46.542Z] > git check-ignore -v -z --stdin [4ms]
[2022-08-02T17:55:47.909Z] > git ls-files --stage -- /home/carlos/anki/pylib/anki/db.py [4ms]
[2022-08-02T17:55:47.923Z] > git show --textconv :pylib/anki/db.py [31ms]
[2022-08-02T17:55:47.923Z] > git cat-file -s f05becb08d5b7ffdffd62843b99217ae185f3558 [1ms]
[2022-08-02T17:56:07.545Z] > git show --textconv :pylib/anki/collection.py [15ms]
[2022-08-02T17:56:07.548Z] > git ls-files --stage -- /home/carlos/anki/pylib/anki/collection.py [6ms]
[2022-08-02T17:56:07.566Z] > git cat-file -s 43e9b8addea08d6a2891a90c12a0bb454dac5576 [5ms]
[2022-08-15T04:51:46.965Z] > git ls-files --stage -- /home/carlos/anki/pylib/anki/stats.py [15ms]
[2022-08-15T04:51:46.979Z] > git show --textconv :pylib/anki/stats.py [44ms]
[2022-08-15T04:51:46.981Z] > git cat-file -s a9b1c7a56cfa1213b66ab6e457e278f20eb69aff [2ms]
[2022-08-15T04:53:38.677Z] > git check-ignore -v -z --stdin [3ms]
[2022-08-15T04:53:44.056Z] > git show --textconv :pylib/anki/collection.py [12ms]
[2022-08-15T04:53:44.065Z] > git ls-files --stage -- /home/carlos/anki/pylib/anki/collection.py [12ms]
[2022-08-15T04:53:44.076Z] > git cat-file -s 43e9b8addea08d6a2891a90c12a0bb454dac5576 [2ms]
[2022-08-15T04:53:48.503Z] > git show --textconv :pylib/anki/stats.py [10ms]
[2022-08-15T04:53:48.504Z] > git ls-files --stage -- /home/carlos/anki/pylib/anki/stats.py [2ms]
[2022-08-15T04:53:48.510Z] > git cat-file -s a9b1c7a56cfa1213b66ab6e457e278f20eb69aff [2ms]
[2022-08-15T04:53:49.996Z] > git show --textconv :pylib/anki/collection.py [10ms]
[2022-08-15T04:53:49.998Z] > git ls-files --stage -- /home/carlos/anki/pylib/anki/collection.py [3ms]
[2022-08-15T04:53:50.009Z] > git cat-file -s 43e9b8addea08d6a2891a90c12a0bb454dac5576 [4ms]
[2022-08-15T04:53:50.700Z] > git show --textconv :pylib/anki/stats.py [9ms]
[2022-08-15T04:53:50.712Z] > git ls-files --stage -- /home/carlos/anki/pylib/anki/stats.py [13ms]
[2022-08-15T04:53:50.734Z] > git cat-file -s a9b1c7a56cfa1213b66ab6e457e278f20eb69aff [6ms]
[2022-08-15T04:53:54.397Z] > git show --textconv :pylib/anki/collection.py [16ms]
[2022-08-15T04:53:54.402Z] > git ls-files --stage -- /home/carlos/anki/pylib/anki/collection.py [7ms]
[2022-08-15T04:53:54.423Z] > git cat-file -s 43e9b8addea08d6a2891a90c12a0bb454dac5576 [8ms]
[2022-08-15T04:54:32.102Z] > git show --textconv :pylib/anki/stats.py [17ms]
[2022-08-15T04:54:32.105Z] > git ls-files --stage -- /home/carlos/anki/pylib/anki/stats.py [4ms]
[2022-08-15T04:54:32.113Z] > git cat-file -s a9b1c7a56cfa1213b66ab6e457e278f20eb69aff [1ms]
[2022-08-15T05:14:50.090Z] > git ls-files --stage -- /home/carlos/anki/pylib/anki/collection.py [15ms]
[2022-08-15T05:14:50.108Z] > git show --textconv :pylib/anki/collection.py [38ms]
[2022-08-15T05:14:50.111Z] > git cat-file -s 43e9b8addea08d6a2891a90c12a0bb454dac5576 [4ms]
[2022-08-15T05:33:38.604Z] > git check-ignore -v -z --stdin [22ms]
[2022-08-15T05:33:43.249Z] > git show --textconv :pylib/anki/db.py [11ms]
[2022-08-15T05:33:43.250Z] > git ls-files --stage -- /home/carlos/anki/pylib/anki/db.py [4ms]
[2022-08-15T05:33:43.262Z] > git cat-file -s f05becb08d5b7ffdffd62843b99217ae185f3558 [3ms]
[2022-08-15T05:34:11.507Z] > git show --textconv :pylib/anki/stats.py [19ms]
[2022-08-15T05:34:11.509Z] > git ls-files --stage -- /home/carlos/anki/pylib/anki/stats.py [3ms]
[2022-08-15T05:34:11.518Z] > git cat-file -s a9b1c7a56cfa1213b66ab6e457e278f20eb69aff [1ms]
[2022-08-15T05:47:16.787Z] > git ls-files --stage -- /home/carlos/anki/pylib/anki/collection.py [4ms]
[2022-08-15T05:47:16.797Z] > git show --textconv :pylib/anki/collection.py [27ms]
[2022-08-15T05:47:16.798Z] > git cat-file -s 43e9b8addea08d6a2891a90c12a0bb454dac5576 [2ms]
[2022-08-15T05:47:18.180Z] > git show --textconv :pylib/anki/consts.py [11ms]
[2022-08-15T05:47:18.182Z] > git ls-files --stage -- /home/carlos/anki/pylib/anki/consts.py [2ms]
[2022-08-15T05:47:18.189Z] > git cat-file -s 2de007e984291423a56d8f0e7794954308bff74c [2ms]
[2022-08-15T05:47:34.048Z] > git show --textconv :pylib/anki/cards.py [14ms]
[2022-08-15T05:47:34.061Z] > git ls-files --stage -- /home/carlos/anki/pylib/anki/cards.py [15ms]
[2022-08-15T05:47:34.085Z] > git cat-file -s 607792514582f497c94a490b0f09b502dbda2915 [6ms]
[2022-08-15T05:48:08.358Z] > git show --textconv :qt/aqt/stats.py [16ms]
[2022-08-15T05:48:08.362Z] > git ls-files --stage -- /home/carlos/anki/qt/aqt/stats.py [5ms]
[2022-08-15T05:48:08.373Z] > git cat-file -s 6af03e118bc62d4a1a8ddf515179906e252aab77 [2ms]
[2022-08-15T05:50:00.916Z] > git show --textconv :pylib/anki/hooks.py [14ms]
[2022-08-15T05:50:00.918Z] > git ls-files --stage -- /home/carlos/anki/pylib/anki/hooks.py [3ms]
[2022-08-15T05:50:00.927Z] > git cat-file -s 9e360ebfa41acecf7da310b56b8b724255093594 [2ms]
[2022-08-15T05:53:02.413Z] > git show --textconv :qt/aqt/gui_hooks.py [6ms]
[2022-08-15T05:53:02.414Z] > git ls-files --stage -- /home/carlos/anki/qt/aqt/gui_hooks.py [1ms]
[2022-08-15T05:53:02.420Z] > git cat-file -s 6c59aadc744e57feba803ea02daec1f9f6f384ce [1ms]
[2022-08-15T05:55:20.694Z] > git show --textconv :qt/aqt/dbcheck.py [12ms]
[2022-08-15T05:55:20.697Z] > git ls-files --stage -- /home/carlos/anki/qt/aqt/dbcheck.py [4ms]
[2022-08-15T05:55:20.713Z] > git cat-file -s 775abbece54bd88c79d410cf88ac5d1465e27b6d [4ms]
[2022-08-15T05:55:24.156Z] > git show --textconv :pylib/anki/stats.py [15ms]
[2022-08-15T05:55:24.159Z] > git ls-files --stage -- /home/carlos/anki/pylib/anki/stats.py [4ms]
[2022-08-15T05:55:24.169Z] > git cat-file -s a9b1c7a56cfa1213b66ab6e457e278f20eb69aff [2ms]
[2022-08-15T05:55:24.959Z] > git show --textconv :pylib/anki/statsbg.py [7ms]
[2022-08-15T05:55:24.960Z] > git ls-files --stage -- /home/carlos/anki/pylib/anki/statsbg.py [2ms]
[2022-08-15T05:55:24.967Z] > git cat-file -s 6c67601d5f784a5082cb8f0ef0db423883ab0e11 [2ms]
[2022-08-15T05:55:28.448Z] > git show --textconv :pylib/anki/stats.py [6ms]
[2022-08-15T05:55:28.450Z] > git ls-files --stage -- /home/carlos/anki/pylib/anki/stats.py [3ms]
[2022-08-15T05:55:28.457Z] > git cat-file -s a9b1c7a56cfa1213b66ab6e457e278f20eb69aff [1ms]
[2022-08-15T06:04:34.590Z] > git ls-files --stage -- /home/carlos/anki/qt/aqt/sound.py [3ms]
[2022-08-15T06:04:34.596Z] > git show --textconv :qt/aqt/sound.py [20ms]
[2022-08-15T06:04:34.597Z] > git cat-file -s 5839d2dae9330e3bba6aad89bcd78a566370c21a [2ms]
[2022-08-15T06:04:35.044Z] > git show --textconv :qt/aqt/stats.py [24ms]
[2022-08-15T06:04:35.046Z] > git ls-files --stage -- /home/carlos/anki/qt/aqt/stats.py [5ms]
[2022-08-15T06:04:35.056Z] > git cat-file -s 6af03e118bc62d4a1a8ddf515179906e252aab77 [3ms]
[2022-08-15T06:04:55.300Z] > git show --textconv :pylib/anki/stats.py [15ms]
[2022-08-15T06:04:55.302Z] > git ls-files --stage -- /home/carlos/anki/pylib/anki/stats.py [3ms]
[2022-08-15T06:04:55.309Z] > git cat-file -s a9b1c7a56cfa1213b66ab6e457e278f20eb69aff [1ms]
[2022-08-15T07:19:23.022Z] > git ls-files --stage -- /home/carlos/anki/qt/aqt/stats.py [2ms]
[2022-08-15T07:19:23.032Z] > git show --textconv :qt/aqt/stats.py [20ms]
[2022-08-15T07:19:23.033Z] > git cat-file -s 6af03e118bc62d4a1a8ddf515179906e252aab77 [2ms]
[2022-08-15T07:19:30.018Z] > git show --textconv :pylib/anki/stats.py [8ms]
[2022-08-15T07:19:30.020Z] > git ls-files --stage -- /home/carlos/anki/pylib/anki/stats.py [2ms]
[2022-08-15T07:19:30.027Z] > git cat-file -s a9b1c7a56cfa1213b66ab6e457e278f20eb69aff [1ms]
[2022-08-15T07:20:06.140Z] > git show --textconv :qt/aqt/stats.py [6ms]
[2022-08-15T07:20:06.141Z] > git ls-files --stage -- /home/carlos/anki/qt/aqt/stats.py [1ms]
[2022-08-15T07:20:06.148Z] > git cat-file -s 6af03e118bc62d4a1a8ddf515179906e252aab77 [2ms]
[2022-08-15T07:27:19.279Z] > git show --textconv :pylib/anki/collection.py [15ms]
[2022-08-15T07:27:19.281Z] > git ls-files --stage -- /home/carlos/anki/pylib/anki/collection.py [3ms]
[2022-08-15T07:27:19.288Z] > git cat-file -s 43e9b8addea08d6a2891a90c12a0bb454dac5576 [2ms]
[2022-08-15T07:27:28.975Z] > git show --textconv :pylib/anki/dbproxy.py [10ms]
[2022-08-15T07:27:28.977Z] > git ls-files --stage -- /home/carlos/anki/pylib/anki/dbproxy.py [3ms]
[2022-08-15T07:27:28.997Z] > git cat-file -s 39f1ab4c6bb105823e042c5f2fa01d99e2b3004a [1ms]
[2022-08-15T07:28:38.422Z] > git show --textconv :pylib/anki/collection.py [18ms]
[2022-08-15T07:28:38.425Z] > git ls-files --stage -- /home/carlos/anki/pylib/anki/collection.py [4ms]
[2022-08-15T07:28:38.439Z] > git cat-file -s 43e9b8addea08d6a2891a90c12a0bb454dac5576 [3ms]
[2022-08-15T07:28:39.337Z] > git show --textconv :pylib/anki/stats.py [29ms]
[2022-08-15T07:28:39.349Z] > git ls-files --stage -- /home/carlos/anki/pylib/anki/stats.py [13ms]
[2022-08-15T07:28:39.383Z] > git cat-file -s a9b1c7a56cfa1213b66ab6e457e278f20eb69aff [10ms]
[2022-08-15T17:58:12.230Z] > git ls-files --stage -- /home/carlos/anki/qt/aqt/gui_hooks.py [10ms]
[2022-08-15T17:58:12.240Z] > git show --textconv :qt/aqt/gui_hooks.py [27ms]
[2022-08-15T17:58:12.242Z] > git cat-file -s 6c59aadc744e57feba803ea02daec1f9f6f384ce [3ms]
[2022-08-15T17:58:23.916Z] > git check-ignore -v -z --stdin [3ms]
[2022-08-15T17:58:24.921Z] > git show --textconv :qt/tools/genhooks_gui.py [9ms]
[2022-08-15T17:58:24.922Z] > git ls-files --stage -- /home/carlos/anki/qt/tools/genhooks_gui.py [2ms]
[2022-08-15T17:58:24.931Z] > git cat-file -s 39a020db39ff005003ea3f2136cca7915f563818 [2ms]
[2022-08-15T17:59:34.107Z] > git show --textconv :qt/aqt/webview.py [11ms]
[2022-08-15T17:59:34.111Z] > git ls-files --stage -- /home/carlos/anki/qt/aqt/webview.py [5ms]
[2022-08-15T17:59:34.123Z] > git cat-file -s f68b58926c6370f40bd61fe5b9572ccdaabef0a3 [4ms]
[2022-08-15T17:59:34.831Z] > git show --textconv :qt/aqt/utils.py [6ms]
[2022-08-15T17:59:34.833Z] > git ls-files --stage -- /home/carlos/anki/qt/aqt/utils.py [2ms]
[2022-08-15T17:59:34.857Z] > git cat-file -s 5acef46870c593639e4e3b3d73afd57884c2ab29 [9ms]
[2022-08-15T18:15:47.357Z] > git show --textconv :qt/aqt/stats.py [14ms]
[2022-08-15T18:15:47.359Z] > git ls-files --stage -- /home/carlos/anki/qt/aqt/stats.py [4ms]
[2022-08-15T18:15:47.370Z] > git cat-file -s 6af03e118bc62d4a1a8ddf515179906e252aab77 [1ms]
[2022-08-15T18:16:43.354Z] > git show --textconv :pylib/anki/stats.py [12ms]
[2022-08-15T18:16:43.359Z] > git ls-files --stage -- /home/carlos/anki/pylib/anki/stats.py [6ms]
[2022-08-15T18:16:43.368Z] > git cat-file -s a9b1c7a56cfa1213b66ab6e457e278f20eb69aff [2ms]
[2022-08-15T18:16:49.186Z] > git show --textconv :pylib/anki/collection.py [24ms]
[2022-08-15T18:16:49.191Z] > git ls-files --stage -- /home/carlos/anki/pylib/anki/collection.py [8ms]
[2022-08-15T18:16:49.204Z] > git cat-file -s 43e9b8addea08d6a2891a90c12a0bb454dac5576 [2ms]
[2022-08-15T18:16:50.214Z] > git show --textconv :qt/aqt/stats.py [14ms]
[2022-08-15T18:16:50.217Z] > git ls-files --stage -- /home/carlos/anki/qt/aqt/stats.py [4ms]
[2022-08-15T18:16:50.234Z] > git cat-file -s 6af03e118bc62d4a1a8ddf515179906e252aab77 [3ms]
[2022-08-15T18:18:40.460Z] > git show --textconv :qt/aqt/overview.py [12ms]
[2022-08-15T18:18:40.461Z] > git ls-files --stage -- /home/carlos/anki/qt/aqt/overview.py [2ms]
[2022-08-15T18:18:40.479Z] > git cat-file -s 8d79c00343e7fd4cad41fd214f2d9efab8827065 [6ms]
[2022-08-15T18:19:09.254Z] > git show --textconv :qt/aqt/main.py [13ms]
[2022-08-15T18:19:09.257Z] > git ls-files --stage -- /home/carlos/anki/qt/aqt/main.py [4ms]
[2022-08-15T18:19:09.266Z] > git cat-file -s 4fe525f4bfb14cc2c10fd686538b4568f8345df4 [3ms]
[2022-08-15T18:19:26.713Z] > git show --textconv :qt/aqt/gui_hooks.py [5ms]
[2022-08-15T18:19:26.714Z] > git ls-files --stage -- /home/carlos/anki/qt/aqt/gui_hooks.py [1ms]
[2022-08-15T18:19:26.720Z] > git cat-file -s 6c59aadc744e57feba803ea02daec1f9f6f384ce [1ms]
[2022-08-15T18:19:41.676Z] > git show --textconv :qt/aqt/addons.py [12ms]
[2022-08-15T18:19:41.680Z] > git ls-files --stage -- /home/carlos/anki/qt/aqt/addons.py [5ms]
[2022-08-15T18:19:41.694Z] > git cat-file -s 30e75e1731e6d95257e9bff3b75cfbdf1cf2ab7a [3ms]
[2022-08-15T18:19:42.875Z] > git show --textconv :qt/aqt/addcards.py [11ms]
[2022-08-15T18:19:42.877Z] > git ls-files --stage -- /home/carlos/anki/qt/aqt/addcards.py [5ms]
[2022-08-15T18:19:42.889Z] > git cat-file -s ef117cc550458a70458b4695b9346e22e9e76b4c [0ms]
[2022-08-15T18:19:46.244Z] > git show --textconv :qt/aqt/addons.py [38ms]
[2022-08-15T18:19:46.249Z] > git ls-files --stage -- /home/carlos/anki/qt/aqt/addons.py [7ms]
[2022-08-15T18:19:46.281Z] > git cat-file -s 30e75e1731e6d95257e9bff3b75cfbdf1cf2ab7a [14ms]
[2022-08-15T23:19:19.737Z] > git show --textconv :qt/aqt/stats.py [27ms]
[2022-08-15T23:19:19.760Z] > git ls-files --stage -- /home/carlos/anki/qt/aqt/stats.py [38ms]
[2022-08-15T23:19:19.780Z] > git cat-file -s 6af03e118bc62d4a1a8ddf515179906e252aab77 [0ms]
[2022-08-15T23:19:22.724Z] > git show --textconv :pylib/anki/stats.py [9ms]
[2022-08-15T23:19:22.727Z] > git ls-files --stage -- /home/carlos/anki/pylib/anki/stats.py [4ms]
[2022-08-15T23:19:22.745Z] > git cat-file -s a9b1c7a56cfa1213b66ab6e457e278f20eb69aff [1ms]
[2022-08-15T23:19:44.818Z] > git show --textconv :qt/aqt/stats.py [7ms]
[2022-08-15T23:19:44.819Z] > git ls-files --stage -- /home/carlos/anki/qt/aqt/stats.py [2ms]
[2022-08-15T23:19:44.828Z] > git cat-file -s 6af03e118bc62d4a1a8ddf515179906e252aab77 [3ms]
[2022-08-15T23:19:55.905Z] > git show --textconv :pylib/anki/stats.py [14ms]
[2022-08-15T23:19:55.908Z] > git ls-files --stage -- /home/carlos/anki/pylib/anki/stats.py [5ms]
[2022-08-15T23:19:55.919Z] > git cat-file -s a9b1c7a56cfa1213b66ab6e457e278f20eb69aff [1ms]
[2022-08-15T23:22:00.183Z] > git show --textconv :pylib/anki/stats.py [13ms]
[2022-08-15T23:22:00.188Z] > git ls-files --stage -- /home/carlos/anki/pylib/anki/stats.py [5ms]
[2022-08-15T23:22:00.219Z] > git cat-file -s a9b1c7a56cfa1213b66ab6e457e278f20eb69aff [14ms]
[2022-08-15T23:22:00.906Z] > git show --textconv :pylib/anki/statsbg.py [5ms]
[2022-08-15T23:22:00.907Z] > git ls-files --stage -- /home/carlos/anki/pylib/anki/statsbg.py [2ms]
[2022-08-15T23:22:00.915Z] > git cat-file -s 6c67601d5f784a5082cb8f0ef0db423883ab0e11 [2ms]
[2022-08-15T23:22:01.996Z] > git show --textconv :pylib/anki/stats.py [15ms]
[2022-08-15T23:22:02.000Z] > git ls-files --stage -- /home/carlos/anki/pylib/anki/stats.py [5ms]
[2022-08-15T23:22:02.014Z] > git cat-file -s a9b1c7a56cfa1213b66ab6e457e278f20eb69aff [3ms]
