[2022-07-20T00:41:08.044Z] Log level: Info
[2022-07-20T00:41:08.047Z] [info] Validating found git in: git
[2022-07-20T00:41:08.061Z] [info] Using git 2.37.1 from git
[2022-07-20T00:41:08.080Z] > git rev-parse --show-toplevel [4ms]
[2022-07-20T00:41:08.090Z] > git rev-parse --git-dir --git-common-dir [1ms]
[2022-07-20T00:41:08.099Z] [info] Open repository: /home/carlos/.local/share/Anki2/addons21/anki-stat-scraper
[2022-07-20T00:41:08.109Z] > git status -z -uall [2ms]
[2022-07-20T00:41:08.116Z] > git symbolic-ref --short HEAD [2ms]
[2022-07-20T00:41:08.123Z] > git for-each-ref --format=%(refname)%00%(upstream:short)%00%(objectname)%00%(upstream:track)%00%(upstream:remotename)%00%(upstream:remoteref) refs/heads/main refs/remotes/main [2ms]
[2022-07-20T00:41:08.136Z] > git remote --verbose [3ms]
[2022-07-20T00:41:08.136Z] > git for-each-ref --sort -committerdate --format %(refname) %(objectname) %(*objectname) [8ms]
[2022-07-20T00:41:08.146Z] > git config --get commit.template [1ms]
[2022-07-20T00:41:08.156Z] > git status -z -uall [2ms]
[2022-07-20T00:41:08.163Z] > git symbolic-ref --short HEAD [2ms]
[2022-07-20T00:41:08.170Z] > git for-each-ref --format=%(refname)%00%(upstream:short)%00%(objectname)%00%(upstream:track)%00%(upstream:remotename)%00%(upstream:remoteref) refs/heads/main refs/remotes/main [2ms]
[2022-07-20T00:41:08.181Z] > git for-each-ref --sort -committerdate --format %(refname) %(objectname) %(*objectname) [6ms]
[2022-07-20T00:41:08.182Z] > git remote --verbose [2ms]
[2022-07-20T00:41:08.191Z] > git config --get commit.template [1ms]
[2022-07-20T00:41:08.533Z] > git show --textconv :__init__.py [11ms]
[2022-07-20T00:41:08.538Z] > git ls-files --stage -- /home/carlos/.local/share/Anki2/addons21/anki-stat-scraper/__init__.py [8ms]
[2022-07-20T00:41:08.550Z] > git cat-file -s efa6b7db0db79d5c89079ac13a8319575c17d369 [3ms]
[2022-07-20T00:41:08.794Z] > git check-ignore -v -z --stdin [5ms]
[2022-07-20T00:41:40.059Z] > git status -z -uall [1ms]
[2022-07-20T00:41:40.066Z] > git symbolic-ref --short HEAD [1ms]
[2022-07-20T00:41:40.072Z] > git for-each-ref --format=%(refname)%00%(upstream:short)%00%(objectname)%00%(upstream:track)%00%(upstream:remotename)%00%(upstream:remoteref) refs/heads/main refs/remotes/main [1ms]
[2022-07-20T00:41:40.083Z] > git for-each-ref --sort -committerdate --format %(refname) %(objectname) %(*objectname) [5ms]
[2022-07-20T00:41:40.084Z] > git remote --verbose [2ms]
[2022-07-20T00:41:40.096Z] > git config --get commit.template [2ms]
[2022-07-20T00:41:48.190Z] > git check-ignore -v -z --stdin [2ms]
[2022-07-20T00:41:56.632Z] > git status -z -uall [2ms]
[2022-07-20T00:41:56.638Z] > git symbolic-ref --short HEAD [1ms]
[2022-07-20T00:41:56.646Z] > git for-each-ref --format=%(refname)%00%(upstream:short)%00%(objectname)%00%(upstream:track)%00%(upstream:remotename)%00%(upstream:remoteref) refs/heads/main refs/remotes/main [2ms]
[2022-07-20T00:41:56.657Z] > git for-each-ref --sort -committerdate --format %(refname) %(objectname) %(*objectname) [6ms]
[2022-07-20T00:41:56.658Z] > git remote --verbose [3ms]
[2022-07-20T00:41:56.668Z] > git config --get commit.template [1ms]
[2022-07-20T00:42:01.214Z] > git show --textconv HEAD:__init__.py [11ms]
[2022-07-20T00:42:01.216Z] > git ls-tree -l HEAD -- /home/carlos/.local/share/Anki2/addons21/anki-stat-scraper/__init__.py [2ms]
[2022-07-20T00:42:06.166Z] > git show --textconv :__init__.py [5ms]
[2022-07-20T00:42:06.167Z] > git ls-files --stage -- /home/carlos/.local/share/Anki2/addons21/anki-stat-scraper/__init__.py [1ms]
[2022-07-20T00:42:06.173Z] > git cat-file -s efa6b7db0db79d5c89079ac13a8319575c17d369 [2ms]
